TN:
SF:lib\Employee.js
FN:2,(anonymous_0)
FN:9,(anonymous_1)
FNF:2
FNH:1
FNDA:14,(anonymous_0)
FNDA:0,(anonymous_1)
DA:3,14
DA:4,14
DA:5,14
DA:6,14
DA:10,0
DA:14,5
LF:6
LH:5
BRF:0
BRH:0
end_of_record
TN:
SF:lib\Engineer.js
FN:4,(anonymous_0)
FNF:1
FNH:1
FNDA:2,(anonymous_0)
DA:1,2
DA:5,2
DA:6,2
DA:7,2
DA:10,2
DA:14,2
LF:6
LH:6
BRF:0
BRH:0
end_of_record
TN:
SF:lib\Intern.js
FN:4,(anonymous_0)
FNF:1
FNH:1
FNDA:2,(anonymous_0)
DA:1,2
DA:5,2
DA:6,2
DA:7,2
DA:10,2
DA:14,2
LF:6
LH:6
BRF:0
BRH:0
end_of_record
TN:
SF:lib\Manager.js
FN:4,(anonymous_0)
FNF:1
FNH:1
FNDA:2,(anonymous_0)
DA:1,2
DA:5,2
DA:6,2
DA:7,2
DA:10,2
DA:14,2
LF:6
LH:6
BRF:0
BRH:0
end_of_record
TN:
SF:src\util.js
FN:6,createEmployee
FNF:1
FNH:1
FNDA:10,createEmployee
DA:1,1
DA:2,1
DA:3,1
DA:4,1
DA:10,10
DA:12,1
DA:14,1
DA:16,1
DA:18,7
DA:22,1
LF:10
LH:10
BRDA:10,0,0,1
BRDA:10,0,1,1
BRDA:10,0,2,1
BRDA:10,0,3,7
BRF:4
BRH:4
end_of_record
